<?xml version="1.0" encoding="UTF-8"?>
<!-- Generated by org.testng.reporters.JUnitReportReporter -->
<testsuite hostname="LAPTOP-BJD94SMG" failures="0" tests="3" name="TestRunner" time="0.204" errors="0" timestamp="8 Oct 2019 11:46:17 GMT">
  <testcase classname="TestRunner" name="feature" time="0.024"/>
  <testcase classname="TestRunner" name="feature" time="0.069"/>
  <testcase classname="TestRunner" name="feature" time="0.111"/>
</testsuite> <!-- TestRunner -->
