<?xml version="1.0" encoding="UTF-8"?>
<!-- Generated by org.testng.reporters.JUnitReportReporter -->
<testsuite hostname="LAPTOP-BJD94SMG" failures="0" tests="3" name="TestRunner" time="0.314" errors="0" timestamp="7 Oct 2019 21:33:41 GMT">
  <testcase classname="TestRunner" name="feature" time="0.030"/>
  <testcase classname="TestRunner" name="feature" time="0.107"/>
  <testcase classname="TestRunner" name="feature" time="0.177"/>
</testsuite> <!-- TestRunner -->
